
Your File: malicious.pdf
Your API: 6788d***
{
    "data": {
        "type": "analysis",
        "id": "YjI1Y2E0NGU2NjIwMzlmNjY0MDFkZDliMzMzYjA3MDE6MTY2OTU2NDAzMw=="
    }
}
MD5: b25ca44e662039f66401dd9b333b0701
+-------------------+------------------------------------------+
|       Result      |                   CVE                    |
+-------------------+------------------------------------------+
|       Lionic      |           Trojan.PDF.Pdfka.4!c           |
|  MicroWorld-eScan |          Exploit.PDF-Name.2.Gen          |
|      FireEye      |          Exploit.PDF-Name.2.Gen          |
|   CAT-QuickHeal   |               PDF.JS.Gen.A               |
|       McAfee      |            Exploit-PDF.bk.gen            |
|       Cyren       |             ShellCode.AX.gen             |
|      Symantec     |          Bloodhound.Exploit.213          |
|     ESET-NOD32    |           JS/Exploit.Pdfka.NOO           |
|       Baidu       |           JS.Exploit.Pdfka.adb           |
|       Avast       |            JS:Pdfka-AK [Expl]            |
|       ClamAV      |   Heuristics.PDF.ObfuscatedNameObject    |
|     Kaspersky     |           Exploit.JS.Pdfka.cil           |
|    BitDefender    |          Exploit.PDF-Name.2.Gen          |
|   NANO-Antivirus  |      Exploit.Script.IframeBof.gqjs       |
|       Cynet       |          Malicious (score: 99)           |
|      Tencent      | Heur:Trojan.Script.LS_Gencirc.7033944.72 |
|      Ad-Aware     |          Exploit.PDF-Name.2.Gen          |
|      Emsisoft     |        Exploit.PDF-Name.2.Gen (B)        |
|       VIPRE       |          Exploit.PDF-Name.2.Gen          |
|     TrendMicro    |             HEUR_PDFF.SPACE              |
| McAfee-GW-Edition |        BehavesLike.PDF.Trojan.zb         |
|       Sophos      |               Mal/PDFEx-D                |
|    SentinelOne    |        Static AI - Malicious PDF         |
|       GData       |          Exploit.PDF-Name.2.Gen          |
|       Avira       |         HTML/Malicious.PDF.Gen3          |
|      Arcabit      |          Exploit.PDF-Name.2.Gen          |
|      ViRobot      |       PDF.Exploit.CVE-2008-2992.A        |
|     ZoneAlarm     |       HEUR:Exploit.Script.Generic        |
|     Microsoft     |         Exploit:JS/ShellCode.gen         |
|       Google      |                 Detected                 |
|     AhnLab-V3     |        Exploit/PDF.Generic.S1213         |
|       ALYac       |          Exploit.PDF-Name.2.Gen          |
|        MAX        |          malware (ai score=80)           |
|       Rising      |     Hack.Exploit.MalPDF.a (CLASSIC)      |
|       Ikarus      |            PDF.Exploit.PDF-JS            |
|     MaxSecure     |           Virus.PDF.Pidief.zm            |
|      Fortinet     |          PDF/Script.JSS!exploit          |
|        AVG        |            JS:Pdfka-AK [Expl]            |
+-------------------+------------------------------------------+
This document is most likely malicious!!!